JvmtiExport can_access_local_variables 0
JvmtiExport can_hotswap_or_post_breakpoint 0
JvmtiExport can_post_on_exceptions 0
# 858 ciObject found
instanceKlass org/gradle/api/internal/tasks/SimpleWorkResult
instanceKlass java/util/WeakHashMap$HashIterator
instanceKlass com/sun/tools/javac/jvm/ClassFile$NameAndType
instanceKlass com/sun/tools/javac/jvm/ClassWriter$1
instanceKlass javax/tools/StandardLocation$2
instanceKlass com/sun/tools/javac/jvm/Code$Chain
instanceKlass com/sun/tools/javac/jvm/ClassWriter$StackMapTableFrame
instanceKlass com/sun/tools/javac/jvm/Code$StackMapFrame
instanceKlass com/sun/tools/javac/code/Types$UniqueType
instanceKlass com/sun/tools/javac/model/FilteredMemberList$1
instanceKlass com/sun/tools/javac/jvm/Code$LocalVar$Range
instanceKlass com/sun/tools/javac/jvm/Items
instanceKlass com/sun/tools/javac/jvm/Code$LocalVar
instanceKlass com/sun/tools/javac/jvm/Code$State
instanceKlass com/sun/tools/javac/jvm/Code$1
instanceKlass com/sun/tools/javac/jvm/Code
instanceKlass com/sun/tools/javac/jvm/Gen$GenContext
instanceKlass com/sun/tools/javac/jvm/Gen$3
instanceKlass com/sun/tools/javac/comp/Lower$7
instanceKlass com/sun/tools/javac/tree/TreeMaker$1
instanceKlass com/sun/tools/javac/comp/Flow$2
instanceKlass com/sun/tools/javac/util/Bits$1
instanceKlass com/sun/tools/javac/util/Bits
instanceKlass com/sun/tools/javac/comp/Flow$BaseAnalyzer$PendingExit
instanceKlass com/sun/tools/javac/code/Types$TypePair
instanceKlass com/sun/tools/javac/comp/Infer$IncorporationBinaryOp
instanceKlass com/sun/tools/javac/code/Type$UndetVar$2
instanceKlass com/sun/tools/javac/comp/Infer$MultiUndetVarListener
instanceKlass com/sun/tools/javac/comp/Infer$BoundFilter
instanceKlass com/sun/tools/javac/comp/Check$2
instanceKlass com/sun/tools/javac/comp/Infer$InferenceContext$2
instanceKlass com/sun/tools/javac/code/Type$UndetVar$UndetVarListener
instanceKlass com/sun/tools/javac/comp/Resolve$MostSpecificCheck
instanceKlass com/sun/tools/javac/comp/Resolve$MethodCheckContext
instanceKlass com/sun/tools/javac/code/Flags
instanceKlass com/sun/tools/javac/code/Types$ImplementationCache$Entry
instanceKlass com/sun/tools/javac/comp/Resolve$MethodResolutionContext$Candidate
instanceKlass com/sun/tools/javac/comp/Resolve$LookupFilter
instanceKlass com/sun/tools/javac/comp/Resolve$5$1
instanceKlass com/sun/tools/javac/comp/Resolve$5
instanceKlass com/sun/tools/javac/comp/Resolve$MethodResolutionContext
instanceKlass com/sun/tools/javac/code/Scope$4$1
instanceKlass com/sun/tools/javac/code/Scope$4
instanceKlass com/sun/tools/javac/code/Scope$CompoundScope$CompoundScopeIterator
instanceKlass com/sun/tools/javac/code/Scope$CompoundScope$2
instanceKlass com/sun/tools/javac/comp/Check$ClashFilter
instanceKlass com/sun/tools/javac/main/JavaCompiler$2
instanceKlass com/sun/tools/javac/comp/Annotate$AnnotateRepeatedContext
instanceKlass com/sun/tools/javac/code/Types$27
instanceKlass com/sun/tools/javac/comp/MemberEnter$6
instanceKlass com/sun/tools/javac/comp/MemberEnter$5
instanceKlass com/sun/tools/javac/code/SymbolMetadata
instanceKlass com/sun/tools/javac/code/Scope$1
instanceKlass com/sun/tools/javac/jvm/ClassReader$AnnotationDeproxy
instanceKlass com/sun/tools/javac/jvm/ClassReader$ProxyVisitor
instanceKlass com/sun/tools/javac/util/Pair
instanceKlass com/sun/tools/javac/comp/Attr$15
instanceKlass com/sun/tools/javac/comp/AttrContext
instanceKlass com/sun/tools/javac/jvm/ClassReader$25
instanceKlass com/sun/tools/javac/file/ZipFileIndex$Entry
instanceKlass com/sun/tools/javac/file/ZipFileIndex$DirectoryEntry
instanceKlass com/sun/tools/javac/file/ZipFileIndex$ZipDirectory
instanceKlass com/sun/tools/javac/file/ZipFileIndex
instanceKlass com/sun/tools/javac/file/ZipFileIndexArchive
instanceKlass com/sun/tools/javac/util/Position$LineMapImpl
instanceKlass com/sun/tools/javac/util/Position$LineMap
instanceKlass com/sun/tools/javac/util/Position
instanceKlass com/sun/tools/javac/tree/TreeInfo$2
instanceKlass com/sun/tools/javac/parser/JavacParser$2
instanceKlass com/sun/tools/javac/parser/JavaTokenizer$BasicComment
instanceKlass com/sun/tools/javac/parser/JavaTokenizer$1
instanceKlass com/sun/tools/javac/util/ArrayUtils
instanceKlass com/sun/tools/javac/parser/JavacParser$1
instanceKlass com/sun/tools/javac/parser/JavacParser$ErrorRecoveryAction
instanceKlass com/sun/tools/javac/tree/DocCommentTable
instanceKlass com/sun/tools/javac/parser/JavacParser$AbstractEndPosTable
instanceKlass com/sun/tools/javac/tree/EndPosTable
instanceKlass com/sun/tools/javac/parser/JavacParser
instanceKlass com/sun/tools/javac/parser/UnicodeReader
instanceKlass sun/misc/FloatingDecimal$HexFloatPattern
instanceKlass com/sun/tools/javac/parser/Tokens$Comment
instanceKlass com/sun/tools/javac/parser/Scanner
instanceKlass com/sun/source/tree/LineMap
instanceKlass com/sun/tools/javac/util/BaseFileManager$ContentCacheEntry
instanceKlass com/sun/tools/javac/util/DiagnosticSource
instanceKlass com/sun/tools/javac/processing/JavacProcessingEnvironment$DiscoveredProcessors$ProcessorStateIterator
instanceKlass com/sun/tools/javac/processing/JavacProcessingEnvironment$DiscoveredProcessors
instanceKlass com/sun/tools/javac/util/ServiceLoader$1
instanceKlass com/sun/tools/javac/util/ServiceLoader$LazyIterator
instanceKlass com/sun/tools/javac/util/ServiceLoader
instanceKlass javax/annotation/processing/Processor
instanceKlass com/sun/tools/javac/processing/JavacProcessingEnvironment$ServiceIterator
instanceKlass com/sun/tools/javac/model/JavacTypes
instanceKlass com/sun/tools/javac/model/JavacElements
instanceKlass com/sun/tools/javac/processing/JavacMessager
instanceKlass com/sun/tools/javac/processing/JavacFiler
instanceKlass javax/annotation/processing/Filer
instanceKlass javax/annotation/processing/Messager
instanceKlass javax/annotation/processing/RoundEnvironment
instanceKlass com/sun/tools/javac/processing/JavacProcessingEnvironment
instanceKlass com/sun/tools/javac/util/ForwardingDiagnosticFormatter$ForwardingConfiguration
instanceKlass com/sun/tools/javac/code/Types$DefaultSymbolVisitor
instanceKlass com/sun/tools/javac/util/ForwardingDiagnosticFormatter
instanceKlass com/sun/tools/javac/util/StringUtils
instanceKlass com/sun/tools/javac/util/ListBuffer$1
instanceKlass com/sun/tools/javac/file/Locations$1
instanceKlass com/sun/tools/javac/api/MultiTaskListener
instanceKlass com/sun/tools/javac/comp/TransTypes$1
instanceKlass com/sun/tools/javac/jvm/Pool
instanceKlass com/sun/tools/javac/comp/Lower$TreeBuilder
instanceKlass com/sun/tools/javac/jvm/Gen$GenFinalizer
instanceKlass com/sun/tools/javac/jvm/Items$Item
instanceKlass com/sun/tools/javac/parser/JavaTokenizer
instanceKlass com/sun/tools/javac/parser/ScannerFactory
instanceKlass com/sun/tools/javac/parser/Tokens$Token
instanceKlass com/sun/tools/javac/parser/Tokens
instanceKlass com/sun/tools/javac/tree/DocTreeMaker
instanceKlass com/sun/tools/javac/parser/Lexer
instanceKlass com/sun/tools/javac/parser/ParserFactory
instanceKlass com/sun/tools/javac/jvm/JNIWriter
instanceKlass com/sun/tools/javac/code/Types$SignatureGenerator
instanceKlass com/sun/tools/javac/jvm/ClassWriter$AttributeWriter
instanceKlass com/sun/tools/javac/util/ByteBuffer
instanceKlass com/sun/tools/javac/jvm/ClassFile
instanceKlass com/sun/tools/javac/jvm/ClassReader$AttributeReader
instanceKlass com/sun/tools/javac/util/MandatoryWarningHandler
instanceKlass com/sun/tools/javac/tree/TreeInfo
instanceKlass com/sun/tools/javac/comp/DeferredAttr$4
instanceKlass com/sun/tools/javac/comp/DeferredAttr$3
instanceKlass com/sun/tools/javac/comp/DeferredAttr$2
instanceKlass com/sun/tools/javac/comp/DeferredAttr$DeferredAttrContext
instanceKlass com/sun/tools/javac/comp/DeferredAttr$DeferredStuckPolicy
instanceKlass com/sun/tools/javac/comp/DeferredAttr$DeferredTypeCompleter
instanceKlass com/sun/tools/javac/comp/Infer$GraphStrategy
instanceKlass com/sun/tools/javac/comp/Infer$InferenceContext
instanceKlass javax/lang/model/element/TypeParameterElement
instanceKlass com/sun/tools/javac/comp/Infer
instanceKlass com/sun/tools/javac/code/DeferredLintHandler$1
instanceKlass com/sun/tools/javac/code/DeferredLintHandler
instanceKlass com/sun/tools/javac/code/TypeAnnotations
instanceKlass com/sun/tools/javac/comp/TypeEnvs
instanceKlass com/sun/tools/javac/comp/ConstFold
instanceKlass javax/lang/model/element/AnnotationMirror
instanceKlass com/sun/tools/javac/comp/Annotate
instanceKlass com/sun/tools/javac/tree/TreeMaker$AnnotationBuilder
instanceKlass com/sun/tools/javac/tree/TreeMaker
instanceKlass com/sun/tools/javac/tree/JCTree$Factory
instanceKlass com/sun/tools/javac/comp/Env
instanceKlass com/sun/tools/javac/comp/Flow
instanceKlass com/sun/source/util/SimpleTreeVisitor
instanceKlass com/sun/tools/javac/comp/Attr$14
instanceKlass javax/lang/model/type/UnionType
instanceKlass com/sun/tools/javac/comp/Check$NestedCheckContext
instanceKlass com/sun/source/tree/ErroneousTree
instanceKlass com/sun/source/tree/ModifiersTree
instanceKlass com/sun/source/tree/LiteralTree
instanceKlass com/sun/source/tree/TypeCastTree
instanceKlass com/sun/source/tree/BinaryTree
instanceKlass com/sun/source/tree/UnaryTree
instanceKlass com/sun/source/tree/NewArrayTree
instanceKlass com/sun/source/tree/AssertTree
instanceKlass com/sun/source/tree/ThrowTree
instanceKlass com/sun/source/tree/ReturnTree
instanceKlass com/sun/source/tree/ContinueTree
instanceKlass com/sun/source/tree/BreakTree
instanceKlass com/sun/source/tree/IfTree
instanceKlass com/sun/source/tree/CatchTree
instanceKlass com/sun/source/tree/TryTree
instanceKlass com/sun/source/tree/CaseTree
instanceKlass com/sun/source/tree/BlockTree
instanceKlass com/sun/source/tree/ImportTree
instanceKlass com/sun/source/tree/IntersectionTypeTree
instanceKlass com/sun/source/tree/TypeParameterTree
instanceKlass com/sun/source/tree/SynchronizedTree
instanceKlass com/sun/source/tree/AnnotatedTypeTree
instanceKlass com/sun/source/tree/SwitchTree
instanceKlass com/sun/source/tree/WhileLoopTree
instanceKlass com/sun/source/tree/ForLoopTree
instanceKlass com/sun/source/tree/WildcardTree
instanceKlass com/sun/source/tree/UnionTypeTree
instanceKlass com/sun/source/tree/ParameterizedTypeTree
instanceKlass com/sun/source/tree/ArrayTypeTree
instanceKlass com/sun/source/tree/PrimitiveTypeTree
instanceKlass com/sun/source/tree/MemberReferenceTree
instanceKlass com/sun/source/tree/ArrayAccessTree
instanceKlass com/sun/source/tree/InstanceOfTree
instanceKlass com/sun/source/tree/CompoundAssignmentTree
instanceKlass com/sun/source/tree/AssignmentTree
instanceKlass com/sun/source/tree/ParenthesizedTree
instanceKlass com/sun/source/tree/LambdaExpressionTree
instanceKlass com/sun/source/tree/MethodInvocationTree
instanceKlass com/sun/source/tree/ExpressionStatementTree
instanceKlass com/sun/source/tree/ConditionalExpressionTree
instanceKlass com/sun/source/tree/LabeledStatementTree
instanceKlass com/sun/source/tree/EnhancedForLoopTree
instanceKlass com/sun/source/tree/DoWhileLoopTree
instanceKlass com/sun/source/tree/EmptyStatementTree
instanceKlass com/sun/source/tree/VariableTree
instanceKlass com/sun/tools/javac/api/Formattable$LocalizedString
instanceKlass com/sun/tools/javac/api/Formattable
instanceKlass com/sun/tools/javac/comp/Resolve$7
instanceKlass com/sun/tools/javac/comp/Resolve$6
instanceKlass com/sun/tools/javac/comp/Attr$ResultInfo
instanceKlass com/sun/tools/javac/comp/Resolve$AbstractMethodCheck
instanceKlass com/sun/tools/javac/comp/Resolve$2
instanceKlass com/sun/tools/javac/comp/Resolve$LookupHelper
instanceKlass com/sun/tools/javac/comp/Resolve$LogResolveHelper
instanceKlass com/sun/tools/javac/comp/Resolve$MethodCheck
instanceKlass com/sun/tools/javac/comp/Resolve
instanceKlass com/sun/tools/javac/comp/Check$6
instanceKlass com/sun/tools/javac/comp/Check$1
instanceKlass com/sun/source/tree/AnnotationTree
instanceKlass com/sun/tools/javac/tree/JCTree$Visitor
instanceKlass com/sun/tools/javac/comp/Infer$FreeTypeListener
instanceKlass com/sun/tools/javac/util/Warner
instanceKlass com/sun/tools/javac/code/DeferredLintHandler$LintLogger
instanceKlass com/sun/source/tree/MethodTree
instanceKlass com/sun/source/tree/NewClassTree
instanceKlass com/sun/tools/javac/comp/Check$CheckContext
instanceKlass com/sun/tools/javac/comp/Check
instanceKlass com/sun/tools/javac/code/Types$ImplementationCache
instanceKlass com/sun/tools/javac/code/Types$3
instanceKlass com/sun/tools/javac/util/JCDiagnostic
instanceKlass com/sun/tools/javac/code/Types$DescriptorCache$FunctionDescriptor
instanceKlass com/sun/tools/javac/code/Types$DescriptorCache
instanceKlass com/sun/tools/javac/code/Scope$ScopeListener
instanceKlass javax/lang/model/type/IntersectionType
instanceKlass com/sun/tools/javac/code/Type$Mapping
instanceKlass com/sun/tools/javac/code/Types$DefaultTypeVisitor
instanceKlass com/sun/tools/javac/code/Types
instanceKlass com/sun/tools/javac/code/Symtab$2
instanceKlass com/sun/tools/javac/code/Symtab$1
instanceKlass com/sun/tools/javac/code/Symbol$MethodSymbol$2
instanceKlass com/sun/tools/javac/code/Scope$2
instanceKlass com/sun/tools/javac/code/Scope$Entry
instanceKlass com/sun/tools/javac/util/Filter
instanceKlass com/sun/tools/javac/util/Assert
instanceKlass java/lang/annotation/Repeatable
instanceKlass javax/lang/model/type/NullType
instanceKlass com/sun/tools/javac/code/Symtab
instanceKlass com/sun/tools/javac/jvm/ClassReader$1
instanceKlass com/sun/tools/javac/code/Attribute
instanceKlass javax/lang/model/element/AnnotationValue
instanceKlass com/sun/tools/javac/comp/Annotate$Worker
instanceKlass javax/lang/model/type/NoType
instanceKlass javax/lang/model/type/ExecutableType
instanceKlass com/sun/tools/javac/code/Scope
instanceKlass com/sun/tools/javac/code/Symbol$Completer
instanceKlass com/sun/tools/javac/jvm/ClassReader
instanceKlass com/sun/tools/javac/util/Convert
instanceKlass com/sun/tools/javac/util/Name
instanceKlass javax/lang/model/element/Name
instanceKlass com/sun/tools/javac/util/Name$Table
instanceKlass com/sun/tools/javac/util/Names
instanceKlass com/sun/tools/javac/main/JavaCompiler$1
instanceKlass com/sun/source/tree/MemberSelectTree
instanceKlass com/sun/source/tree/IdentifierTree
instanceKlass com/sun/source/tree/ClassTree
instanceKlass com/sun/source/tree/StatementTree
instanceKlass javax/lang/model/element/PackageElement
instanceKlass javax/lang/model/element/TypeElement
instanceKlass javax/lang/model/element/QualifiedNameable
instanceKlass com/sun/source/tree/CompilationUnitTree
instanceKlass com/sun/tools/javac/jvm/ClassReader$SourceCompleter
instanceKlass com/sun/tools/javac/main/JavaCompiler
instanceKlass com/sun/tools/javac/file/CacheFSInfo$1
instanceKlass com/sun/tools/javac/main/CommandLine
instanceKlass com/sun/tools/javac/parser/Parser
instanceKlass com/sun/tools/javac/api/JavacTaskImpl$Filter
instanceKlass javax/lang/model/util/Elements
instanceKlass javax/lang/model/util/Types
instanceKlass javax/annotation/processing/ProcessingEnvironment
instanceKlass com/sun/tools/javac/main/Main
instanceKlass com/sun/source/util/TreeScanner
instanceKlass com/sun/source/tree/TreeVisitor
instanceKlass com/sun/tools/doclint/DocLint
instanceKlass com/sun/source/util/Plugin
instanceKlass com/sun/source/util/TaskListener
instanceKlass com/sun/tools/javac/api/ClientCodeWrapper
instanceKlass com/sun/tools/javac/file/BaseFileObject
instanceKlass com/sun/tools/javac/file/ZipFileIndexCache
instanceKlass com/sun/tools/javac/file/FSInfo
instanceKlass com/sun/tools/javac/code/Lint$AugmentVisitor
instanceKlass com/sun/tools/javac/code/Attribute$Visitor
instanceKlass java/util/concurrent/ConcurrentHashMap$MapEntry
instanceKlass com/sun/tools/javac/util/Log$1
instanceKlass javax/tools/DiagnosticListener
instanceKlass com/sun/tools/javac/util/JCDiagnostic$Factory$1
instanceKlass com/sun/tools/javac/util/Options
instanceKlass javax/lang/model/element/VariableElement
instanceKlass javax/lang/model/type/ErrorType
instanceKlass javax/lang/model/element/ExecutableElement
instanceKlass javax/lang/model/element/Parameterizable
instanceKlass javax/lang/model/type/TypeVariable
instanceKlass javax/lang/model/type/PrimitiveType
instanceKlass javax/lang/model/type/DeclaredType
instanceKlass javax/lang/model/type/ArrayType
instanceKlass javax/lang/model/type/ReferenceType
instanceKlass javax/lang/model/type/WildcardType
instanceKlass javax/lang/model/type/TypeMirror
instanceKlass com/sun/tools/javac/code/AnnoConstruct
instanceKlass javax/lang/model/element/Element
instanceKlass javax/lang/model/AnnotatedConstruct
instanceKlass com/sun/tools/javac/util/AbstractDiagnosticFormatter$SimpleConfiguration
instanceKlass com/sun/source/tree/ExpressionTree
instanceKlass com/sun/tools/javac/tree/JCTree
instanceKlass com/sun/source/tree/Tree
instanceKlass com/sun/tools/javac/api/DiagnosticFormatter$Configuration
instanceKlass com/sun/tools/javac/code/Printer
instanceKlass com/sun/tools/javac/code/Symbol$Visitor
instanceKlass com/sun/tools/javac/code/Type$Visitor
instanceKlass com/sun/tools/javac/util/AbstractDiagnosticFormatter
instanceKlass com/sun/tools/javac/util/List$3
instanceKlass com/sun/tools/javac/util/List$2
instanceKlass com/sun/tools/javac/util/JavacMessages
instanceKlass com/sun/tools/javac/api/Messages
instanceKlass com/sun/tools/javac/util/JCDiagnostic$Factory
instanceKlass com/sun/tools/javac/file/Locations$LocationHandler
instanceKlass com/sun/tools/javac/file/Locations
instanceKlass com/sun/tools/javac/util/BaseFileManager$ByteBufferCache
instanceKlass com/sun/tools/javac/code/Lint
instanceKlass com/sun/tools/javac/file/JavacFileManager$Archive
instanceKlass javax/tools/JavaFileManager$Location
instanceKlass com/sun/tools/javac/file/RelativePath
instanceKlass javax/tools/JavaFileObject
instanceKlass javax/tools/FileObject
instanceKlass com/sun/tools/javac/util/BaseFileManager
instanceKlass com/sun/tools/javac/util/Context$Factory
instanceKlass javax/tools/Diagnostic
instanceKlass com/sun/tools/javac/api/DiagnosticFormatter
instanceKlass com/sun/tools/javac/util/Log$DiagnosticHandler
instanceKlass com/sun/tools/javac/util/JCDiagnostic$DiagnosticPosition
instanceKlass com/sun/tools/javac/util/AbstractLog
instanceKlass com/sun/tools/javac/util/Context$Key
instanceKlass com/sun/tools/javac/util/Context
instanceKlass com/sun/tools/javac/main/OptionHelper
instanceKlass com/sun/source/util/JavacTask
instanceKlass javax/tools/JavaCompiler$CompilationTask
instanceKlass javax/tools/StandardJavaFileManager
instanceKlass javax/tools/JavaFileManager
instanceKlass com/sun/tools/javac/api/JavacTool
instanceKlass org/gradle/api/internal/tasks/compile/JdkTools
instanceKlass org/gradle/api/internal/tasks/compile/JavaCompilerArgumentsBuilder
instanceKlass org/gradle/internal/Transformers$ToStringTransformer
instanceKlass org/gradle/api/internal/tasks/compile/NormalizingJavaCompiler$1
instanceKlass org/gradle/api/internal/tasks/compile/CleaningJavaCompiler$1
instanceKlass org/gradle/language/base/internal/tasks/StaleClassCleaner
instanceKlass org/gradle/language/base/internal/compile/CompilerUtil
instanceKlass org/gradle/api/internal/tasks/compile/NormalizingJavaCompiler
instanceKlass org/gradle/api/internal/tasks/compile/JdkJavaCompiler
instanceKlass org/gradle/api/internal/tasks/DefaultJavaToolChain$JavaToolProvider
instanceKlass org/gradle/api/plugins/JavaBasePlugin$10$1$1
instanceKlass org/gradle/api/tasks/compile/JavaCompile$3
instanceKlass org/gradle/api/internal/tasks/compile/CommandLineJavaCompileSpec
instanceKlass org/gradle/api/internal/tasks/compile/ForkingJavaCompileSpec
instanceKlass org/gradle/api/internal/tasks/compile/AbstractJavaCompileSpecFactory
instanceKlass org/gradle/api/internal/changedetection/rules/FileChange
instanceKlass com/android/build/gradle/tasks/PackageAndroidArtifact$KnownFilesSaveData$$Lambda$344
instanceKlass com/google/common/base/Throwables
instanceKlass com/google/common/io/CharSink
instanceKlass org/apache/commons/codec/binary/Base64
instanceKlass org/apache/commons/codec/BinaryDecoder
instanceKlass org/apache/commons/codec/Decoder
instanceKlass org/apache/commons/codec/BinaryEncoder
instanceKlass org/apache/commons/codec/Encoder
instanceKlass java/util/stream/ForEachOps$ForEachOp
instanceKlass java/util/stream/ForEachOps
instanceKlass com/android/build/gradle/tasks/PackageAndroidArtifact$$Lambda$343
instanceKlass java/util/stream/DistinctOps
instanceKlass com/android/build/gradle/tasks/PackageAndroidArtifact$$Lambda$342
instanceKlass com/android/build/gradle/tasks/PackageAndroidArtifact$$Lambda$341
instanceKlass com/android/apkzlib/zip/ZFile$$Lambda$340
instanceKlass com/android/apkzlib/sign/v2/ApkSignerV2$V2SignatureSchemeBlock$Signer
instanceKlass com/android/apkzlib/sign/v2/ApkSignerV2$V2SignatureSchemeBlock$SignedData
instanceKlass com/android/apkzlib/sign/v2/ZFileDigestSource
instanceKlass com/android/apkzlib/sign/v2/ByteArrayDigestSource
instanceKlass com/android/apkzlib/sign/v2/ApkSignerV2$SignerConfig
instanceKlass com/android/apkzlib/zip/ZFile$$Lambda$339
instanceKlass com/android/apkzlib/zip/Eocd$$Lambda$338
instanceKlass com/android/apkzlib/zip/ExtraField$AlignmentSegment
instanceKlass com/android/apkzlib/zip/ZFile$$Lambda$337
instanceKlass java/lang/invoke/LambdaForm$DMH
instanceKlass com/android/apkzlib/zip/ZFile$$Lambda$336
instanceKlass com/android/apkzlib/zip/ZFile$$Lambda$335
instanceKlass com/android/apkzlib/zip/ZFile$$Lambda$334
instanceKlass com/android/apkzlib/zip/ExtraField$Segment
instanceKlass com/android/apkzlib/zip/ZFile$$Lambda$333
instanceKlass org/bouncycastle/asn1/DEROctetStringParser
instanceKlass org/bouncycastle/asn1/DERSequenceParser
instanceKlass org/bouncycastle/asn1/DERSetParser
instanceKlass org/bouncycastle/asn1/BERTaggedObjectParser
instanceKlass org/bouncycastle/asn1/BERSequenceParser
instanceKlass org/bouncycastle/asn1/ASN1StreamParser
instanceKlass org/bouncycastle/asn1/OIDTokenizer
instanceKlass org/bouncycastle/asn1/ASN1OutputStream
instanceKlass org/bouncycastle/asn1/eac/EACObjectIdentifiers
instanceKlass java/security/cert/CertStoreParameters
instanceKlass org/bouncycastle/x509/X509StoreParameters
instanceKlass org/bouncycastle/cms/CMSSignedHelper
instanceKlass org/bouncycastle/cms/CMSSignedData
instanceKlass sun/security/rsa/RSACore$BlindingRandomPair
instanceKlass sun/security/jca/JCAUtil$CachedSecureRandomHolder
instanceKlass sun/security/jca/JCAUtil
instanceKlass sun/security/rsa/RSACore$BlindingParameters
instanceKlass org/bouncycastle/cms/CMSUtils
instanceKlass org/bouncycastle/operator/jcajce/JcaDigestCalculatorProviderBuilder$1$1
instanceKlass org/bouncycastle/operator/DefaultDigestAlgorithmIdentifierFinder
instanceKlass org/bouncycastle/operator/DigestAlgorithmIdentifierFinder
instanceKlass org/bouncycastle/cms/SignerInfoGenerator
instanceKlass org/bouncycastle/cms/DefaultCMSSignatureEncryptionAlgorithmFinder
instanceKlass org/bouncycastle/cms/CMSSignatureEncryptionAlgorithmFinder
instanceKlass org/bouncycastle/cms/SignerInfoGeneratorBuilder
instanceKlass org/bouncycastle/operator/DigestCalculator
instanceKlass org/bouncycastle/operator/jcajce/JcaDigestCalculatorProviderBuilder$1
instanceKlass org/bouncycastle/operator/DigestCalculatorProvider
instanceKlass org/bouncycastle/operator/jcajce/JcaDigestCalculatorProviderBuilder
instanceKlass org/bouncycastle/cms/jcajce/JcaSignerInfoGeneratorBuilder
instanceKlass org/bouncycastle/operator/jcajce/JcaContentSignerBuilder$1
instanceKlass sun/security/rsa/RSAPadding
instanceKlass sun/security/rsa/RSACore
instanceKlass org/bouncycastle/util/Strings
instanceKlass org/bouncycastle/operator/DefaultSignatureAlgorithmIdentifierFinder
instanceKlass org/bouncycastle/operator/SignatureAlgorithmIdentifierFinder
instanceKlass org/bouncycastle/jcajce/DefaultJcaJceHelper
instanceKlass org/bouncycastle/asn1/kisa/KISAObjectIdentifiers
instanceKlass org/bouncycastle/asn1/ntt/NTTObjectIdentifiers
instanceKlass org/bouncycastle/operator/jcajce/OperatorHelper
instanceKlass org/bouncycastle/operator/ContentSigner
instanceKlass org/bouncycastle/jcajce/JcaJceHelper
instanceKlass org/bouncycastle/operator/jcajce/JcaContentSignerBuilder
instanceKlass org/bouncycastle/asn1/x9/X9ObjectIdentifiers
instanceKlass org/bouncycastle/asn1/teletrust/TeleTrusTObjectIdentifiers
instanceKlass org/bouncycastle/asn1/cryptopro/CryptoProObjectIdentifiers
instanceKlass org/bouncycastle/asn1/nist/NISTObjectIdentifiers
instanceKlass org/bouncycastle/asn1/oiw/OIWObjectIdentifiers
instanceKlass org/bouncycastle/cms/CMSAttributeTableGenerator
instanceKlass org/bouncycastle/cms/CMSSignedGenerator
instanceKlass org/bouncycastle/asn1/x509/X509ObjectIdentifiers
instanceKlass org/bouncycastle/asn1/x500/style/BCStyle
instanceKlass org/bouncycastle/asn1/x500/X500NameStyle
instanceKlass org/bouncycastle/asn1/ASN1Choice
instanceKlass org/bouncycastle/asn1/ASN1TaggedObjectParser
instanceKlass org/bouncycastle/asn1/ASN1SetParser
instanceKlass org/bouncycastle/asn1/ASN1SequenceParser
instanceKlass org/bouncycastle/asn1/DERFactory
instanceKlass org/bouncycastle/util/Arrays
instanceKlass org/bouncycastle/util/io/Streams
instanceKlass org/bouncycastle/asn1/ASN1EncodableVector
instanceKlass org/bouncycastle/asn1/StreamUtil
instanceKlass org/bouncycastle/asn1/ASN1String
instanceKlass org/bouncycastle/asn1/ASN1OctetStringParser
instanceKlass org/bouncycastle/asn1/InMemoryRepresentable
instanceKlass org/bouncycastle/asn1/BERTags
instanceKlass org/bouncycastle/cert/X509CertificateHolder
instanceKlass org/bouncycastle/util/CollectionStore
instanceKlass org/bouncycastle/asn1/pkcs/PKCSObjectIdentifiers
instanceKlass org/bouncycastle/asn1/cms/CMSObjectIdentifiers
instanceKlass org/bouncycastle/asn1/ASN1Object
instanceKlass org/bouncycastle/cms/CMSProcessableByteArray
instanceKlass org/bouncycastle/cms/CMSReadable
instanceKlass com/android/apkzlib/sign/SignatureExtension$1$$Lambda$332
instanceKlass com/android/apkzlib/sign/ManifestGenerationExtension$1$$Lambda$331
instanceKlass com/android/builder/internal/packaging/IncrementalPackager$$Lambda$330
instanceKlass com/android/builder/internal/packaging/IncrementalPackager$$Lambda$329
instanceKlass com/android/builder/internal/packaging/IncrementalPackager$$Lambda$328
instanceKlass java/util/Vector$1
instanceKlass com/android/apkzlib/sign/SignatureExtension$1$$Lambda$327
instanceKlass com/android/apkzlib/zip/ZFile$$Lambda$326
instanceKlass java/util/TreeMap$NavigableSubMap$SubMapIterator
instanceKlass com/android/apkzlib/zip/FileUseMap$1
instanceKlass com/android/apkzlib/zip/ZFile$3
instanceKlass com/google/common/util/concurrent/Futures$ChainingListenableFuture$1
instanceKlass com/android/builder/internal/packaging/IncrementalPackager$$Lambda$325
instanceKlass com/android/builder/internal/packaging/IncrementalPackager$$Lambda$324
instanceKlass com/android/builder/internal/packaging/IncrementalPackager$$Lambda$323
instanceKlass java/lang/invoke/LambdaForm$DMH
instanceKlass com/android/builder/internal/packaging/IncrementalPackager$$Lambda$322
instanceKlass com/android/builder/internal/packaging/PackagedFileUpdates
instanceKlass com/android/builder/internal/packaging/IncrementalPackager$$Lambda$321
instanceKlass com/android/builder/internal/packaging/IncrementalPackager$$Lambda$320
instanceKlass com/android/builder/internal/packaging/IncrementalPackager$$Lambda$319
instanceKlass com/android/builder/internal/packaging/IncrementalPackager$$Lambda$318
instanceKlass com/google/common/util/concurrent/Futures$2
instanceKlass com/android/apkzlib/zip/ZFile$$Lambda$317
instanceKlass com/android/apkzlib/zip/CompressionResult
instanceKlass java/util/zip/Deflater
instanceKlass com/android/apkzlib/zip/ZFile$2
instanceKlass com/android/apkzlib/zip/compress/ExecutorCompressor$$Lambda$316
instanceKlass com/google/common/primitives/UnsignedInts
instanceKlass com/android/builder/internal/packaging/IncrementalPackager$$Lambda$315
instanceKlass com/android/builder/internal/packaging/IncrementalPackager$$Lambda$314
instanceKlass com/android/builder/internal/packaging/IncrementalPackager$$Lambda$313
instanceKlass com/android/builder/internal/packaging/IncrementalPackager$$Lambda$312
instanceKlass com/android/builder/internal/packaging/PackagedFileUpdate
instanceKlass com/android/builder/internal/packaging/DexIncrementalRenameManager$DexNameComparator
instanceKlass com/android/builder/internal/packaging/DexIncrementalRenameManager$$Lambda$311
instanceKlass com/google/common/collect/Maps$FilteredEntryBiMap$1
instanceKlass com/google/common/base/Predicates$IsEqualToPredicate
instanceKlass com/android/builder/internal/packaging/DexFileNameSupplier
instanceKlass com/android/builder/files/NativeLibraryAbiPredicate
instanceKlass com/android/builder/internal/packaging/DexIncrementalRenameManager
instanceKlass java/security/spec/MGF1ParameterSpec
instanceKlass java/security/spec/PSSParameterSpec
instanceKlass com/android/apkzlib/utils/ApkZLibPair
instanceKlass com/android/apkzlib/sign/v2/ApkSignerV2
instanceKlass com/android/apkzlib/sign/v2/DigestSource
instanceKlass com/android/apkzlib/sign/FullApkSignExtension
instanceKlass com/android/apkzlib/sign/SignatureExtension$$Lambda$310
instanceKlass com/android/apkzlib/sign/SignatureExtension$$Lambda$309
instanceKlass com/android/apkzlib/sign/SignatureExtension$$Lambda$308
instanceKlass com/android/apkzlib/sign/SignatureExtension$$Lambda$307
instanceKlass org/bouncycastle/asn1/ASN1Encodable
instanceKlass org/bouncycastle/cms/CMSTypedData
instanceKlass org/bouncycastle/cms/CMSProcessable
instanceKlass org/bouncycastle/util/Store
instanceKlass com/android/apkzlib/sign/SignatureExtension
instanceKlass com/android/apkzlib/sign/ManifestGenerationExtension$$Lambda$306
instanceKlass com/android/apkzlib/sign/ManifestGenerationExtension
instanceKlass com/android/apkzlib/zip/AlignmentRules$$Lambda$305
instanceKlass com/android/apkzlib/zfile/ZFiles
instanceKlass com/android/apkzlib/zfile/ApkZFileCreator$1
instanceKlass com/android/apkzlib/zip/AlignmentRules$$Lambda$304
instanceKlass com/android/apkzlib/zfile/ApkZFileCreator
instanceKlass com/android/apkzlib/zfile/ApkCreator
instanceKlass com/android/apkzlib/zfile/ApkZFileCreatorFactory
instanceKlass com/android/apkzlib/zfile/ApkCreatorFactory
instanceKlass com/android/build/gradle/internal/packaging/ApkCreatorFactories
instanceKlass com/android/builder/packaging/PackagingUtils$$Lambda$303
instanceKlass com/android/ide/common/signing/CertificateInfo
instanceKlass java/security/KeyStore$PrivateKeyEntry
instanceKlass java/security/KeyStore$Entry
instanceKlass sun/security/pkcs/EncryptedPrivateKeyInfo
instanceKlass sun/security/provider/KeyProtector
instanceKlass sun/security/provider/JavaKeyStore$TrustedCertEntry
instanceKlass java/security/KeyStore$PasswordProtection
instanceKlass sun/security/pkcs/PKCS8Key
instanceKlass java/security/interfaces/RSAPrivateCrtKey
instanceKlass java/security/interfaces/RSAPrivateKey
instanceKlass java/security/interfaces/RSAPublicKey
instanceKlass java/security/interfaces/RSAKey
instanceKlass java/security/spec/RSAPrivateKeySpec
instanceKlass java/security/spec/RSAPublicKeySpec
instanceKlass sun/security/rsa/SunRsaSignEntries
instanceKlass sun/security/provider/JavaKeyStore$KeyEntry
instanceKlass sun/security/provider/KeyStoreDelegator$1
instanceKlass java/security/KeyStoreSpi
instanceKlass com/android/build/gradle/tasks/PackageAndroidArtifact$1
instanceKlass com/android/builder/files/IncrementalRelativeFileSets$$Lambda$302
instanceKlass com/android/apkzlib/zip/ZFile$$Lambda$301
instanceKlass com/google/common/hash/Funnel
instanceKlass com/google/common/hash/Funnels
instanceKlass com/google/common/hash/Hashing$Crc32Holder
instanceKlass com/android/apkzlib/utils/CachedFileContents
instanceKlass com/android/apkzlib/zip/ZFile$$Lambda$300
instanceKlass com/android/apkzlib/zip/ZFile$$Lambda$299
instanceKlass com/android/apkzlib/zip/ZFile$$Lambda$298
instanceKlass com/android/apkzlib/utils/IOExceptionFunction
instanceKlass com/android/apkzlib/utils/IOExceptionRunnable
instanceKlass com/android/apkzlib/zip/ZFileExtension
instanceKlass com/android/apkzlib/zip/ProcessedAndRawByteSources
instanceKlass com/android/apkzlib/zip/StoredEntry$$Lambda$297
instanceKlass com/android/apkzlib/zip/StoredEntry
instanceKlass com/android/apkzlib/zip/ExtraField
instanceKlass com/android/apkzlib/zip/utils/MsDosDateTimeUtils
instanceKlass com/android/apkzlib/zip/CentralDirectoryHeader
instanceKlass com/google/common/util/concurrent/Futures$ImmediateFuture
instanceKlass com/android/apkzlib/zip/CentralDirectoryHeaderCompressInfo
instanceKlass com/android/apkzlib/zip/EncodeUtils
instanceKlass com/android/apkzlib/zip/GPFlags
instanceKlass com/android/apkzlib/zip/CentralDirectory$$Lambda$296
instanceKlass com/android/apkzlib/zip/CentralDirectory
instanceKlass com/android/apkzlib/zip/Eocd$$Lambda$295
instanceKlass com/android/apkzlib/utils/CachedSupplier
instanceKlass com/android/apkzlib/zip/utils/LittleEndianUtils
instanceKlass com/android/apkzlib/zip/ZipFieldInvariantMaxValue
instanceKlass com/android/apkzlib/zip/ZipFieldInvariantNonNegative
instanceKlass com/android/apkzlib/zip/ZipFieldInvariant
instanceKlass com/android/apkzlib/zip/ZipField
instanceKlass com/android/apkzlib/zip/Eocd
instanceKlass com/android/apkzlib/zip/utils/RandomAccessFileUtils
instanceKlass com/android/apkzlib/zip/FileUseMapEntry$$Lambda$294
instanceKlass com/android/apkzlib/zip/FileUseMapEntry$$Lambda$293
instanceKlass com/android/apkzlib/zip/FileUseMapEntry
instanceKlass com/android/apkzlib/zip/FileUseMap
instanceKlass com/android/apkzlib/zip/AlignmentRules$$Lambda$292
instanceKlass com/android/apkzlib/zip/AlignmentRules
instanceKlass com/android/apkzlib/zip/AlignmentRule
instanceKlass com/android/apkzlib/zip/ZFileOptions$$Lambda$291
instanceKlass java/lang/invoke/LambdaForm$DMH
instanceKlass com/android/apkzlib/zip/compress/ExecutorCompressor
instanceKlass com/android/apkzlib/zip/utils/ByteTracker
instanceKlass com/android/apkzlib/zip/Compressor
instanceKlass com/android/apkzlib/zip/ZFileOptions
instanceKlass com/android/apkzlib/zip/ZFile
instanceKlass com/google/common/base/Functions$ConstantFunction
instanceKlass com/google/common/base/Functions
instanceKlass com/google/common/base/Predicates$CompositionPredicate
instanceKlass com/android/builder/files/IncrementalRelativeFileSets$$Lambda$290
instanceKlass com/android/builder/files/RelativeFile
instanceKlass com/google/common/base/Verify
instanceKlass com/android/builder/files/RelativeFiles
instanceKlass com/android/builder/files/IncrementalRelativeFileSets
instanceKlass com/android/builder/packaging/PackagingUtils
instanceKlass org/gradle/api/internal/changedetection/state/OrderInsensitiveTaskFilePropertyCompareStrategy$IncrementalFileSnapshotWithAbsolutePath
instanceKlass com/google/common/collect/MultimapBuilder$MultimapBuilderWithKeys
instanceKlass com/google/common/collect/MultimapBuilder
instanceKlass org/gradle/api/internal/changedetection/state/IgnoredPathFileSnapshot
instanceKlass org/gradle/jvm/platform/internal/DefaultJavaPlatform
instanceKlass com/google/common/collect/SortedIterables
instanceKlass com/android/builder/internal/compiler/DxDexKey$$Lambda$289
instanceKlass com/android/builder/internal/compiler/PreProcessCache$KeyFactory
instanceKlass java/lang/invoke/LambdaForm$DMH
instanceKlass com/android/builder/internal/compiler/PreProcessCache$StoredItem
instanceKlass java/util/stream/StreamSpliterators$WrappingSpliterator$$Lambda$288
instanceKlass java/util/stream/StreamSpliterators$AbstractWrappingSpliterator
instanceKlass java/util/stream/AbstractPipeline$$Lambda$287
instanceKlass com/android/build/gradle/internal/pipeline/TransformTask$$Lambda$286
instanceKlass com/android/build/api/transform/SecondaryFile
instanceKlass java/util/stream/Streams$2
instanceKlass java/util/stream/Streams
instanceKlass java/util/stream/Streams$ConcatSpliterator
instanceKlass com/android/build/gradle/internal/dependency/DependencyContainerImpl$$Lambda$285
instanceKlass com/android/build/gradle/internal/dependency/DependencyContainerImpl$$Lambda$284
instanceKlass com/android/build/gradle/internal/dependency/DependencyContainerImpl$$Lambda$283
instanceKlass com/android/build/gradle/internal/dependency/DependencyContainerImpl$$Lambda$282
instanceKlass com/android/build/gradle/internal/dependency/DependencyContainerImpl$$Lambda$281
instanceKlass com/android/build/gradle/internal/pipeline/QualifiedContentImpl
instanceKlass com/android/build/api/transform/DirectoryInput
instanceKlass com/android/build/gradle/internal/pipeline/IntermediateFolderUtils$$Lambda$280
instanceKlass com/android/build/gradle/internal/pipeline/IntermediateFolderUtils$$Lambda$279
instanceKlass com/android/build/gradle/internal/pipeline/IntermediateFolderUtils$$Lambda$278
instanceKlass com/android/build/gradle/internal/pipeline/IntermediateFolderUtils$2
instanceKlass com/android/build/gradle/internal/pipeline/ImmutableTransformInput
instanceKlass com/android/build/gradle/internal/pipeline/IntermediateFolderUtils$InputGenerator
instanceKlass com/android/build/gradle/internal/pipeline/IntermediateFolderUtils
instanceKlass com/android/builder/symbols/SymbolIo$$Lambda$277
instanceKlass com/android/builder/symbols/SymbolIo$$Lambda$276
instanceKlass com/android/builder/symbols/SymbolIo$$Lambda$275
instanceKlass com/android/builder/symbols/RGeneration$$Lambda$274
instanceKlass java/lang/invoke/LambdaForm$DMH
instanceKlass com/android/builder/symbols/RGeneration
instanceKlass com/sun/org/apache/xml/internal/utils/XMLString
instanceKlass com/sun/org/apache/xalan/internal/utils/FactoryImpl
instanceKlass com/android/builder/symbols/SymbolTable$Builder$$Lambda$273
instanceKlass java/lang/invoke/LambdaForm$DMH
instanceKlass com/android/builder/symbols/SymbolTable$Builder$$Lambda$272
instanceKlass com/android/builder/symbols/Symbol
instanceKlass com/android/builder/symbols/SymbolTable$Builder
instanceKlass com/android/builder/symbols/SymbolTable
instanceKlass com/android/builder/symbols/SymbolIo
instanceKlass com/android/build/gradle/internal/process/GradleProcessResult
instanceKlass com/android/build/gradle/internal/ExtraModelInfo$1
instanceKlass com/android/ide/common/blame/MergingLogPersistUtil
instanceKlass com/google/common/base/Optional
instanceKlass com/android/ide/common/blame/parser/util/OutputLineReader
instanceKlass com/android/ide/common/process/TeeProcessOutputHandler$TeeProcessOutput$$Lambda$271
instanceKlass org/gradle/process/internal/DefaultExecHandle$ExecResultImpl
instanceKlass com/android/ide/common/process/TeeProcessOutputHandler$TeeProcessOutput$1$$Lambda$270
instanceKlass com/android/ide/common/process/TeeProcessOutputHandler$TeeProcessOutput$1$$Lambda$269
instanceKlass org/gradle/process/internal/streams/ExecOutputHandleRunner
instanceKlass org/gradle/util/DisconnectableInputStream$1
instanceKlass org/gradle/util/DisconnectableInputStream$ThreadExecuter
instanceKlass net/rubygrapefruit/platform/internal/jni/WindowsHandleFunctions
instanceKlass org/gradle/process/internal/ProcessBuilderFactory
instanceKlass org/gradle/process/internal/ExecHandleRunner
instanceKlass org/gradle/process/internal/ExecHandleShutdownHookAction
instanceKlass net/rubygrapefruit/platform/internal/DefaultProcessLauncher
instanceKlass net/rubygrapefruit/platform/internal/WindowsProcessLauncher
instanceKlass net/rubygrapefruit/platform/internal/WrapperProcessLauncher
instanceKlass org/gradle/process/internal/DefaultExecHandle
instanceKlass org/gradle/process/internal/ProcessSettings
instanceKlass org/gradle/process/internal/streams/StreamsForwarder
instanceKlass com/android/ide/common/process/TeeProcessOutputHandler$TeeProcessOutput$$Lambda$268
instanceKlass com/android/ide/common/process/TeeProcessOutputHandler$TeeProcessOutput$$Lambda$267
instanceKlass com/android/build/gradle/internal/process/GradleProcessExecutor$ExecAction$$Lambda$266
instanceKlass org/gradle/process/internal/streams/SafeStreams
instanceKlass org/gradle/process/internal/ExecHandleListener
instanceKlass org/gradle/process/internal/ExecHandle
instanceKlass org/gradle/process/internal/streams/StreamsHandler
instanceKlass com/google/common/util/concurrent/ExecutionList$RunnableExecutorPair
instanceKlass com/google/common/util/concurrent/Futures$6
instanceKlass com/google/common/util/concurrent/ListeningScheduledExecutorService
instanceKlass com/google/common/util/concurrent/ListeningExecutorService
instanceKlass com/android/build/gradle/internal/process/GradleProcessExecutor$ExecAction
instanceKlass com/google/common/util/concurrent/MoreExecutors
instanceKlass com/android/ide/common/process/TeeProcessOutputHandler$TeeProcessOutput
instanceKlass com/google/common/util/concurrent/Futures$7
instanceKlass com/google/common/util/concurrent/Futures$4
instanceKlass com/google/common/util/concurrent/Futures$FutureCombiner
instanceKlass com/google/common/util/concurrent/CheckedFuture
instanceKlass com/android/ide/common/process/BaseProcessOutputHandler$BaseProcessOutput
instanceKlass com/google/common/util/concurrent/AsyncFunction
instanceKlass com/google/common/util/concurrent/Futures
instanceKlass com/android/ide/common/process/TeeProcessOutputHandler$$Lambda$265
instanceKlass com/android/builder/internal/aapt/AbstractProcessExecutionAapt$1
instanceKlass com/android/ide/common/process/ProcessInfoBuilder$ProcessInfoImpl
instanceKlass com/android/builder/internal/aapt/AaptUtils$$Lambda$264
instanceKlass java/util/function/Predicate$$Lambda$263
instanceKlass com/android/builder/internal/aapt/AaptUtils$$Lambda$262
instanceKlass com/android/builder/internal/aapt/AaptUtils$$Lambda$261
instanceKlass com/android/builder/internal/aapt/AaptUtils
instanceKlass com/android/ide/common/process/JavaProcessInfo
instanceKlass com/android/ide/common/process/ProcessEnvBuilder
instanceKlass com/android/builder/internal/aapt/AaptPackageConfig
instanceKlass com/android/builder/internal/aapt/AaptPackageConfig$Builder
instanceKlass com/android/builder/tasks/WorkQueue
instanceKlass com/android/builder/png/QueuedCruncher$1
instanceKlass com/android/builder/tasks/Job
instanceKlass com/android/builder/tasks/Task
instanceKlass com/android/builder/tasks/QueueThreadContext
instanceKlass com/android/builder/png/QueuedCruncher
instanceKlass com/android/ide/common/internal/PngCruncher
instanceKlass com/google/common/util/concurrent/FutureCallback
instanceKlass com/android/builder/internal/aapt/AbstractAapt
instanceKlass com/android/build/gradle/internal/aapt/AaptGradleFactory$FilteringLogger
instanceKlass com/android/ide/common/process/TeeProcessOutputHandler
instanceKlass com/android/builder/internal/aapt/Aapt
instanceKlass com/android/build/gradle/internal/aapt/AaptGradleFactory
instanceKlass com/android/ide/common/blame/MergingLogRewriter$1
instanceKlass com/android/ide/common/blame/MergingLogRewriter
instanceKlass com/android/ide/common/blame/parser/aapt/AbstractAaptOutputParser
instanceKlass com/android/ide/common/blame/parser/aapt/AaptOutputParser
instanceKlass com/android/ide/common/blame/parser/ToolOutputParser
instanceKlass org/gradle/api/internal/changedetection/changes/StatefulIncrementalTaskInputs
instanceKlass org/gradle/api/internal/changedetection/changes/IncrementalTaskInputsInternal
instanceKlass org/gradle/api/internal/changedetection/changes/DiscoveredInputRecorder
instanceKlass com/android/build/gradle/tasks/MergeManifests$$Lambda$260
instanceKlass com/android/build/gradle/tasks/ManifestProcessorTask$$Lambda$259
instanceKlass com/android/manifmerger/PlaceholderHandler
instanceKlass com/sun/org/apache/xml/internal/utils/XMLCharacterRecognizer
instanceKlass com/sun/org/apache/xml/internal/dtm/ref/DTMNodeIterator
instanceKlass org/w3c/dom/traversal/NodeIterator
instanceKlass com/sun/org/apache/xml/internal/dtm/DTMAxisTraverser
instanceKlass com/sun/org/apache/xml/internal/dtm/Axis
instanceKlass com/sun/org/apache/xpath/internal/objects/Comparator
instanceKlass com/sun/org/apache/xml/internal/dtm/ref/dom2dtm/DOM2DTMdefaultNamespaceDeclarationNode
instanceKlass com/sun/org/apache/xml/internal/utils/NSInfo
instanceKlass com/sun/org/apache/xml/internal/utils/DOMHelper
instanceKlass com/sun/org/apache/xml/internal/utils/TreeWalker
instanceKlass com/sun/org/apache/xml/internal/utils/SuballocatedIntVector
instanceKlass com/sun/org/apache/xml/internal/dtm/ref/DTMDefaultBase
instanceKlass javax/xml/transform/dom/DOMSource
instanceKlass com/sun/org/apache/xml/internal/dtm/ref/DTMNodeProxy
instanceKlass org/w3c/dom/DocumentFragment
instanceKlass org/w3c/dom/ProcessingInstruction
instanceKlass com/sun/org/apache/xml/internal/dtm/ref/ExpandedNameTable$HashEntry
instanceKlass com/sun/org/apache/xml/internal/dtm/ref/ExtendedType
instanceKlass com/sun/org/apache/xml/internal/dtm/ref/ExpandedNameTable
instanceKlass com/sun/org/apache/xml/internal/dtm/DTM
instanceKlass com/sun/org/apache/xml/internal/utils/XMLStringFactory
instanceKlass com/sun/org/apache/xpath/internal/XPathContext$XPathExpressionContext
instanceKlass com/sun/org/apache/xalan/internal/extensions/ExpressionContext
instanceKlass com/sun/org/apache/xml/internal/utils/NodeVector
instanceKlass com/sun/org/apache/xpath/internal/SourceTreeManager
instanceKlass com/sun/org/apache/xpath/internal/VariableStack
instanceKlass com/sun/org/apache/xml/internal/utils/IntVector
instanceKlass com/sun/org/apache/xml/internal/dtm/DTMManager
instanceKlass com/sun/org/apache/xpath/internal/axes/IteratorPool
instanceKlass com/sun/org/apache/xpath/internal/axes/SubContextList
instanceKlass com/sun/org/apache/xpath/internal/axes/PathComponent
instanceKlass com/sun/org/apache/xml/internal/dtm/DTMIterator
instanceKlass com/sun/org/apache/xpath/internal/axes/WalkerFactory
instanceKlass com/sun/org/apache/xpath/internal/compiler/OpMapVector
instanceKlass com/sun/org/apache/xpath/internal/compiler/Lexer
instanceKlass com/sun/org/apache/xml/internal/utils/ObjectVector
instanceKlass com/sun/org/apache/xpath/internal/compiler/OpMap
instanceKlass com/sun/org/apache/xpath/internal/compiler/XPathParser
instanceKlass com/sun/org/apache/xml/internal/utils/DefaultErrorHandler
instanceKlass javax/xml/transform/ErrorListener
instanceKlass com/sun/org/apache/xpath/internal/Expression
instanceKlass com/sun/org/apache/xpath/internal/XPathVisitable
instanceKlass com/sun/org/apache/xpath/internal/ExpressionNode
instanceKlass javax/xml/transform/SourceLocator
instanceKlass com/sun/org/apache/xpath/internal/compiler/FunctionTable
instanceKlass com/sun/org/apache/xpath/internal/XPath
instanceKlass com/sun/org/apache/xpath/internal/ExpressionOwner
instanceKlass javax/xml/xpath/XPathConstants
instanceKlass com/sun/org/apache/xpath/internal/jaxp/JAXPPrefixResolver
instanceKlass com/sun/org/apache/xml/internal/utils/PrefixResolver
instanceKlass com/android/xml/AndroidXPathFactory$AndroidNamespaceContext
instanceKlass com/sun/org/apache/xpath/internal/jaxp/XPathImpl
instanceKlass javax/xml/xpath/XPath
instanceKlass com/sun/org/apache/xalan/internal/utils/SecuritySupport$9
instanceKlass com/sun/org/apache/xalan/internal/utils/SecuritySupport$4
instanceKlass com/sun/org/apache/xalan/internal/utils/SecuritySupport
instanceKlass com/sun/org/apache/xalan/internal/utils/FeaturePropertyBase
instanceKlass javax/xml/xpath/SecuritySupport$5
instanceKlass javax/xml/xpath/XPathFactoryFinder$2
instanceKlass javax/xml/xpath/SecuritySupport$8
instanceKlass javax/xml/xpath/SecuritySupport$2
instanceKlass javax/xml/xpath/XPathFactoryFinder
instanceKlass javax/xml/xpath/SecuritySupport$1
instanceKlass javax/xml/xpath/SecuritySupport
instanceKlass javax/xml/xpath/XPathFactory
instanceKlass com/android/xml/AndroidXPathFactory
instanceKlass com/google/common/io/ByteArrayDataOutput
instanceKlass com/google/common/io/ByteArrayDataInput
instanceKlass com/google/common/io/ByteStreams
instanceKlass com/android/utils/XmlUtils
instanceKlass com/android/xml/AndroidManifest
instanceKlass com/android/builder/core/DefaultManifestParser
instanceKlass org/gradle/cache/internal/btree/BTreePersistentIndexedCache$DataBlockUpdateResult
instanceKlass org/gradle/cache/internal/DefaultMultiProcessSafePersistentIndexedCache$3
instanceKlass com/google/common/cache/RemovalNotification
instanceKlass org/gradle/cache/internal/AsyncCacheAccessDecoratedCache$3
instanceKlass org/gradle/cache/internal/DefaultMultiProcessSafePersistentIndexedCache$2
instanceKlass org/gradle/cache/internal/CacheAccessWorker$AsyncCacheAccessRunnable
instanceKlass org/gradle/cache/internal/AsyncCacheAccessDecoratedCache$2
instanceKlass com/android/builder/internal/compiler/FileGatherer
instanceKlass com/android/builder/internal/compiler/RenderScriptProcessor$Abi
instanceKlass com/android/builder/internal/compiler/RenderScriptProcessor
instanceKlass com/android/ide/common/process/ProcessOutput
instanceKlass com/android/ide/common/process/BaseProcessOutputHandler
instanceKlass com/android/builder/internal/compiler/LeafFolderGatherer
instanceKlass com/android/builder/internal/compiler/SourceSearcher
instanceKlass org/gradle/api/internal/changedetection/rules/DescriptiveChange
instanceKlass org/gradle/api/internal/changedetection/state/MissingFileVisitDetails
instanceKlass org/gradle/api/internal/changedetection/rules/TaskStateChange
instanceKlass com/google/common/collect/SortedLists
instanceKlass org/gradle/api/internal/changedetection/rules/AbstractNamedFileSnapshotTaskStateChanges$2
instanceKlass org/gradle/api/internal/changedetection/rules/AbstractNamedFileSnapshotTaskStateChanges$1
instanceKlass org/apache/commons/lang/ObjectUtils$Null
instanceKlass org/apache/commons/lang/exception/Nestable
instanceKlass org/apache/commons/lang/ObjectUtils
instanceKlass org/gradle/util/DiffUtil
instanceKlass org/gradle/api/internal/changedetection/rules/InputPropertiesTaskStateChanges$1
instanceKlass org/gradle/api/internal/changedetection/rules/SummaryTaskStateChanges
instanceKlass org/gradle/api/internal/changedetection/rules/DiscoveredInputsTaskStateChanges
instanceKlass org/gradle/api/internal/changedetection/rules/CachingTaskStateChanges
instanceKlass org/gradle/api/internal/changedetection/state/DefaultFileCollectionSnapshot$2
instanceKlass org/gradle/internal/Factories$CachingSoftReferenceFactory
instanceKlass org/gradle/api/internal/changedetection/state/DefaultFileCollectionSnapshot$1
instanceKlass org/gradle/api/internal/changedetection/state/FileHashSnapshot
instanceKlass org/gradle/api/internal/changedetection/state/AbstractNormalizedFileSnapshot
instanceKlass org/gradle/api/internal/changedetection/state/AbstractFileCollectionSnapshotter$FileVisitorImpl
instanceKlass org/gradle/api/internal/changedetection/state/AbstractFileCollectionSnapshotter$1
instanceKlass org/gradle/api/internal/changedetection/state/DefaultFileDetails
instanceKlass org/gradle/api/internal/changedetection/state/AbstractFileCollectionSnapshotter$FileCollectionVisitorImpl
instanceKlass org/gradle/api/internal/changedetection/rules/AbstractNamedFileSnapshotTaskStateChanges
instanceKlass org/gradle/util/ChangeListener
instanceKlass org/gradle/api/internal/changedetection/rules/SimpleTaskStateChanges
instanceKlass org/gradle/api/internal/changedetection/rules/DiscoveredInputsListener
instanceKlass org/gradle/api/internal/changedetection/rules/TaskStateChanges
instanceKlass org/gradle/api/internal/changedetection/rules/TaskUpToDateState
instanceKlass org/gradle/api/internal/tasks/TaskOutputsUtil
instanceKlass org/gradle/api/internal/changedetection/state/CacheBackedTaskHistoryRepository$1
instanceKlass org/gradle/api/internal/changedetection/state/CacheBackedTaskHistoryRepository$3
instanceKlass org/gradle/api/internal/changedetection/state/CacheBackedTaskHistoryRepository$2
instanceKlass org/gradle/caching/internal/BuildCacheKeyBuilder
instanceKlass org/gradle/api/internal/changedetection/state/CacheBackedTaskHistoryRepository$TaskExecutionList
instanceKlass org/gradle/api/internal/changedetection/state/TaskExecutionSnapshot
instanceKlass org/gradle/internal/serialize/MapSerializer
instanceKlass org/gradle/api/internal/changedetection/state/InputPropertiesSerializer
instanceKlass org/gradle/api/internal/changedetection/state/CacheBackedTaskHistoryRepository$LazyTaskExecution$TaskExecutionSnapshotSerializer
instanceKlass org/gradle/cache/internal/CacheAccessWorker$2
instanceKlass org/gradle/cache/internal/CacheAccessWorker$FlushOperationsCommand
instanceKlass org/gradle/cache/internal/CacheAccessWorker$ShutdownOperationsCommand
instanceKlass org/gradle/cache/internal/CacheAccessWorker$1
instanceKlass org/gradle/cache/internal/AsyncCacheAccessDecoratedCache$1
instanceKlass org/gradle/api/internal/changedetection/state/InMemoryDecoratedCache$1
instanceKlass org/gradle/cache/internal/CrossProcessSynchronizingCache$1
instanceKlass org/gradle/api/internal/changedetection/changes/DefaultTaskArtifactStateRepository$TaskArtifactStateImpl
instanceKlass com/google/common/io/CharStreams
instanceKlass com/google/common/io/Closer$SuppressingSuppressor
instanceKlass com/google/common/io/Closer$Suppressor
instanceKlass com/google/common/io/Closer
instanceKlass com/google/common/io/CharSource
instanceKlass com/android/builder/utils/FileCache$$Lambda$258
instanceKlass com/android/ide/common/util/ReadWriteProcessLock$$Lambda$257
instanceKlass com/android/ide/common/util/ReadWriteThreadLock$$Lambda$256
instanceKlass com/android/ide/common/util/ReadWriteThreadLock$WriteLock
instanceKlass com/android/ide/common/util/ReadWriteThreadLock$ReadLock
instanceKlass com/android/ide/common/util/ReadWriteThreadLock$Lock
instanceKlass com/android/ide/common/util/ReadWriteThreadLock
instanceKlass com/android/ide/common/util/ReadWriteProcessLock$WriteLock
instanceKlass com/android/ide/common/util/ReadWriteProcessLock$ReadLock
instanceKlass com/google/common/reflect/Types$ClassOwnership$1LocalClass
instanceKlass com/google/common/reflect/Types$ParameterizedTypeImpl
instanceKlass com/google/common/reflect/Types$TypeVariableImpl
instanceKlass com/google/common/reflect/Types$1
instanceKlass com/google/common/reflect/Types
instanceKlass com/google/common/reflect/Types$NativeTypeVariableEquals
instanceKlass com/google/common/reflect/TypeResolver$TypeVariableKey
instanceKlass com/google/common/reflect/TypeResolver$TypeTable
instanceKlass com/google/common/reflect/TypeResolver
instanceKlass com/android/ide/common/util/ReadWriteProcessLock$Lock
instanceKlass com/android/ide/common/util/ReadWriteProcessLock
instanceKlass java/lang/invoke/LambdaForm$MH
instanceKlass com/android/builder/utils/FileCache$$Lambda$255
instanceKlass com/android/builder/utils/FileCache$QueryResult
instanceKlass com/android/builder/utils/FileCache$$Lambda$254
instanceKlass com/android/builder/utils/FileCache$$Lambda$253
instanceKlass com/android/build/gradle/internal/tasks/PrepareLibraryTask$$Lambda$252
instanceKlass com/android/builder/utils/ExceptionConsumer
instanceKlass java/lang/invoke/LambdaForm$DMH
instanceKlass com/android/build/gradle/internal/tasks/PrepareLibraryTask$$Lambda$251
instanceKlass org/gradle/internal/logging/compatbridge/LoggingManagerInternalCompatibilityBridge
instanceKlass org/gradle/api/internal/changedetection/changes/NoHistoryArtifactState
instanceKlass org/gradle/api/internal/TaskExecutionHistory
instanceKlass com/google/wireless/android/sdk/stats/GradleTaskExecution$Type$1
instanceKlass com/android/build/gradle/internal/profile/AnalyticsUtil
instanceKlass org/gradle/api/internal/tasks/execution/DefaultTaskExecutionContext
instanceKlass org/gradle/tooling/internal/provider/events/DefaultTaskDescriptor
instanceKlass org/gradle/tooling/internal/protocol/events/InternalTaskDescriptor
instanceKlass org/gradle/execution/taskgraph/DefaultTaskGraphExecuter$EventFiringTaskWorker$1
instanceKlass org/gradle/api/execution/internal/TaskOperationDescriptor
instanceKlass org/gradle/internal/operations/BuildOperationWorkerRegistry$Operation
instanceKlass org/gradle/execution/taskgraph/AbstractTaskPlanExecutor$TaskExecutorWorker
instanceKlass org/gradle/api/execution/TaskActionListener
instanceKlass org/gradle/api/internal/tasks/execution/ExecuteActionsTaskExecuter
instanceKlass org/gradle/caching/internal/DefaultBuildCacheConfiguration$1
instanceKlass org/gradle/caching/BuildCache
instanceKlass org/gradle/caching/internal/BuildCacheFactory
instanceKlass org/gradle/caching/internal/DefaultBuildCacheConfiguration
instanceKlass org/gradle/api/internal/tasks/execution/SkipUpToDateTaskExecuter
instanceKlass org/gradle/api/internal/tasks/execution/ValidatingTaskExecuter
instanceKlass org/gradle/api/internal/tasks/execution/SkipEmptySourceFilesTaskExecuter
instanceKlass org/gradle/api/internal/tasks/execution/ResolveTaskArtifactStateTaskExecuter
instanceKlass org/gradle/api/internal/tasks/execution/SkipTaskWithNoActionsExecuter
instanceKlass org/gradle/api/internal/tasks/execution/SkipOnlyIfTaskExecuter
instanceKlass org/gradle/api/internal/tasks/execution/ExecuteAtMostOnceTaskExecuter
instanceKlass org/gradle/api/internal/tasks/execution/CatchExceptionTaskExecuter
instanceKlass org/gradle/api/execution/internal/TaskInputsListener$1
instanceKlass org/gradle/api/execution/internal/TaskInputsListener
instanceKlass org/gradle/caching/internal/tasks/origin/TaskOutputOriginReader
instanceKlass org/gradle/caching/internal/tasks/origin/TaskOutputOriginWriter
instanceKlass org/gradle/caching/internal/tasks/TarTaskOutputPacker
instanceKlass org/gradle/caching/internal/tasks/GZipTaskOutputPacker
instanceKlass org/gradle/caching/internal/tasks/OutputPreparingTaskOutputPacker
instanceKlass org/gradle/api/internal/changedetection/changes/DefaultTaskArtifactStateRepository
instanceKlass org/gradle/api/internal/changedetection/TaskArtifactState
instanceKlass org/gradle/api/internal/changedetection/changes/ShortCircuitTaskArtifactStateRepository
instanceKlass org/gradle/cache/internal/AsyncCacheAccessContext
instanceKlass org/gradle/api/internal/changedetection/state/CacheBackedTaskHistoryRepository$TaskExecutionListSerializer
instanceKlass org/gradle/api/internal/changedetection/state/CacheBackedFileSnapshotRepository
instanceKlass org/gradle/api/internal/changedetection/state/TaskHistoryRepository$History
instanceKlass org/gradle/api/internal/changedetection/state/TaskExecution
instanceKlass org/gradle/api/internal/changedetection/state/CacheBackedTaskHistoryRepository
instanceKlass org/gradle/api/internal/changedetection/state/SnapshotMapSerializer
instanceKlass org/gradle/api/internal/changedetection/state/DefaultFileCollectionSnapshot$SerializerImpl
instanceKlass org/gradle/api/internal/changedetection/state/DefaultFileCollectionSnapshot
instanceKlass org/gradle/api/internal/changedetection/state/OutputFilesSnapshotter
instanceKlass org/gradle/api/internal/changedetection/state/DefaultFileCollectionSnapshotterRegistry$1
instanceKlass org/gradle/api/internal/changedetection/state/DefaultFileCollectionSnapshotterRegistry
instanceKlass org/gradle/api/internal/changedetection/state/DefaultClasspathSnapshotter$1
instanceKlass org/gradle/api/internal/changedetection/state/FileCollectionSnapshot
instanceKlass org/gradle/api/internal/changedetection/state/FileDetails
instanceKlass org/gradle/api/internal/changedetection/state/DirSnapshot
instanceKlass org/gradle/api/internal/changedetection/state/MissingFileSnapshot
instanceKlass org/gradle/api/internal/changedetection/state/IncrementalFileSnapshot
instanceKlass org/gradle/api/internal/changedetection/state/AbstractFileCollectionSnapshotter
instanceKlass org/gradle/cache/internal/DefaultCacheAccess$4
instanceKlass org/gradle/cache/internal/CrossProcessSynchronizingCache
instanceKlass org/gradle/api/internal/changedetection/state/InMemoryDecoratedCache
instanceKlass org/gradle/api/internal/changedetection/state/LoggingEvictionListener
instanceKlass org/gradle/cache/internal/AsyncCacheAccessDecoratedCache
instanceKlass org/gradle/cache/internal/CacheAccessWorker
instanceKlass org/gradle/execution/taskgraph/DefaultTaskGraphExecuter$EventFiringTaskWorker
instanceKlass org/gradle/internal/progress/PercentageProgressFormatter
instanceKlass org/gradle/execution/taskgraph/DefaultTaskExecutionPlan$2
instanceKlass org/gradle/execution/taskgraph/DefaultTaskExecutionPlan$TaskInfoInVisitingSegment
instanceKlass org/gradle/execution/taskgraph/DefaultTaskExecutionPlan$1
instanceKlass org/gradle/execution/taskgraph/DefaultTaskGraphExecuter$4
instanceKlass org/gradle/execution/SelectedTaskExecutionAction$BindAllReferencesOfProjectsToExecuteListener
instanceKlass org/gradle/execution/DefaultBuildExecuter$1
instanceKlass org/gradle/initialization/DefaultGradleLauncher$3
instanceKlass com/android/build/gradle/tasks/ProcessTestManifest$$Lambda$250
instanceKlass com/android/build/gradle/tasks/MergeManifests$$Lambda$249
instanceKlass org/gradle/api/internal/file/collections/BuildDependenciesOnlyFileCollectionResolveContext
instanceKlass org/gradle/internal/graph/CachingDirectedGraphWalker$NodeDetails
instanceKlass org/gradle/internal/graph/CachingDirectedGraphWalker$GraphWithEmpyEdges
instanceKlass org/gradle/api/internal/tasks/CachingTaskDependencyResolveContext$TaskGraphImpl
instanceKlass org/gradle/internal/graph/CachingDirectedGraphWalker
instanceKlass org/gradle/api/internal/tasks/CachingTaskDependencyResolveContext
instanceKlass org/gradle/execution/taskgraph/TaskInfo
instanceKlass org/gradle/cli/ParsedCommandLine
instanceKlass org/gradle/cli/CommandLineParser$OptionParserState
instanceKlass org/gradle/cli/CommandLineParser$ParserState
instanceKlass org/gradle/cli/CommandLineParser
instanceKlass org/gradle/execution/TaskSelector$TaskSelection
instanceKlass org/gradle/execution/TaskNameResolver$1
instanceKlass org/gradle/execution/taskpath/ResolvedTaskPath
instanceKlass org/gradle/util/NameMatcher
instanceKlass org/gradle/execution/DefaultBuildConfigurationActionExecuter$1
instanceKlass org/gradle/initialization/DefaultGradleLauncher$2
instanceKlass org/gradle/groovy/scripts/internal/FileCacheBackedScriptClassCompiler$CompileToCrossBuildCacheAction
instanceKlass org/gradle/cache/internal/FixedSharedModeCrossProcessCacheAccess$1
instanceKlass org/gradle/internal/DefaultTaskExecutionRequest
instanceKlass org/gradle/internal/remote/internal/inet/SocketConnection$1
instanceKlass com/google/protobuf/SmallSortedMap$EntryIterator
instanceKlass org/gradle/cache/internal/DefaultMultiProcessSafePersistentIndexedCache$4
instanceKlass com/google/protobuf/GeneratedMessageV3$ExtendableMessage$ExtensionWriter
instanceKlass com/android/tools/analytics/JournalingUsageTracker$1
instanceKlass com/google/protobuf/ByteString$CodedBuilder
instanceKlass com/google/wireless/android/play/playlog/proto/ClientAnalytics$LogEventKeyValuesOrBuilder
instanceKlass com/google/protobuf/ByteString$ArraysByteArrayCopier
instanceKlass com/google/protobuf/CodedInputStream
instanceKlass com/google/protobuf/Internal
instanceKlass com/google/protobuf/ByteString$ByteIterator
instanceKlass com/google/protobuf/ByteString$ByteArrayCopier
instanceKlass com/google/protobuf/ByteString
instanceKlass com/google/protobuf/SmallSortedMap$EmptySet$2
instanceKlass com/google/protobuf/SmallSortedMap$EmptySet$1
instanceKlass com/google/protobuf/SmallSortedMap$EmptySet
instanceKlass com/google/protobuf/LazyFieldLite
instanceKlass com/google/protobuf/FieldSet
instanceKlass com/google/wireless/android/play/playlog/proto/ClientAnalytics$ExperimentIdsOrBuilder
instanceKlass com/google/wireless/android/play/playlog/proto/ClientAnalytics$AppUsage1pLogEventOrBuilder
instanceKlass com/google/wireless/android/play/playlog/proto/ClientAnalytics$ActiveExperimentsOrBuilder
instanceKlass com/google/wireless/android/play/playlog/proto/ClientAnalytics$NetworkConnectionInfoOrBuilder
instanceKlass com/google/wireless/android/play/playlog/proto/ClientAnalytics$LogEventOrBuilder
instanceKlass com/google/protobuf/GeneratedMessageV3$ExtendableMessageOrBuilder
instanceKlass com/google/wireless/android/sdk/stats/AndroidStudioEvent$EventKind$1
instanceKlass com/google/wireless/android/sdk/stats/AndroidStudioEvent$EventCategory$1
instanceKlass com/google/wireless/android/sdk/stats/LayoutEditorEventOrBuilder
instanceKlass com/google/wireless/android/sdk/stats/StudioProjectChangeOrBuilder
instanceKlass com/google/wireless/android/sdk/stats/LldbPerformanceStatsOrBuilder
instanceKlass com/google/wireless/android/sdk/stats/JvmDetailsOrBuilder
instanceKlass com/google/wireless/android/sdk/stats/MachineDetailsOrBuilder
instanceKlass com/google/wireless/android/sdk/stats/UIActionStatsOrBuilder
instanceKlass com/google/wireless/android/sdk/stats/TestRecorderDetailsOrBuilder
instanceKlass com/google/wireless/android/sdk/stats/GfxTracingDetailsOrBuilder
instanceKlass com/google/wireless/android/sdk/stats/FirebaseErrorDetailsOrBuilder
instanceKlass com/google/wireless/android/sdk/stats/LLDBFrontendDetailsOrBuilder
instanceKlass com/google/wireless/android/sdk/stats/EmulatorHostOrBuilder
instanceKlass com/google/wireless/android/sdk/stats/HypervisorOrBuilder
instanceKlass com/google/wireless/android/sdk/stats/EmulatorUiEventOrBuilder
instanceKlass com/google/wireless/android/sdk/stats/TestRunOrBuilder
instanceKlass com/google/wireless/android/sdk/stats/EmulatorDetailsOrBuilder
instanceKlass com/google/wireless/android/sdk/stats/MetaMetricsOrBuilder
instanceKlass com/google/wireless/android/sdk/stats/InstantRunOrBuilder
instanceKlass com/google/wireless/android/sdk/stats/GradleBuildDetailsOrBuilder
instanceKlass com/google/wireless/android/sdk/stats/StudioCrashOrBuilder
instanceKlass com/google/wireless/android/sdk/stats/DeviceInfoOrBuilder
instanceKlass com/google/wireless/android/sdk/stats/ProductDetailsOrBuilder
instanceKlass com/google/wireless/android/sdk/stats/EmulatorPerformanceStatsOrBuilder
instanceKlass com/google/wireless/android/sdk/stats/AppLinksAssistantEventOrBuilder
instanceKlass com/google/wireless/android/sdk/stats/FirebaseContextDetailsOrBuilder
instanceKlass com/google/wireless/android/sdk/stats/StudioPerformanceStatsOrBuilder
instanceKlass com/google/wireless/android/sdk/stats/AndroidStudioEventOrBuilder
instanceKlass com/google/protobuf/Utf8$Processor
instanceKlass com/google/protobuf/Utf8
instanceKlass com/google/protobuf/WireFormat
instanceKlass com/google/protobuf/UnsafeUtil$1
instanceKlass com/google/protobuf/UnsafeUtil
instanceKlass com/google/protobuf/ByteOutput
instanceKlass com/google/common/cache/LocalCache$WriteThroughEntry
instanceKlass com/google/common/cache/LocalCache$HashIterator
instanceKlass org/apache/tools/ant/IntrospectionHelper$AttributeSetter
instanceKlass org/apache/tools/ant/IntrospectionHelper$NestedCreator
instanceKlass org/apache/tools/ant/IntrospectionHelper
instanceKlass com/android/dx/rop/code/RegisterSpec
instanceKlass com/android/dx/rop/type/TypeBearer
instanceKlass com/android/dx/util/ToHuman
instanceKlass com/android/dx/rop/type/Prototype
instanceKlass com/android/dx/cf/direct/ClassPathOpener$Consumer
instanceKlass com/android/dx/cf/direct/ClassPathOpener$FileNameFilter
instanceKlass com/android/dx/cf/direct/AttributeFactory
instanceKlass com/android/dx/command/dexer/Main
instanceKlass com/android/builder/internal/compiler/PreProcessCache$Key
instanceKlass com/android/builder/internal/compiler/PreProcessCache$BaseItem
instanceKlass com/android/builder/internal/compiler/PreProcessCache
instanceKlass com/android/build/gradle/BasePlugin$1$$Lambda$248
instanceKlass com/android/ide/common/util/JvmWideVariable$$Lambda$247
instanceKlass com/android/ide/common/util/JvmWideVariable$$Lambda$246
instanceKlass com/android/ide/common/internal/ExecutorSingleton$$Lambda$245
instanceKlass java/lang/invoke/LambdaForm$DMH
instanceKlass com/android/ide/common/util/JvmWideVariable$ValueWrapper
instanceKlass com/android/ide/common/util/JvmWideVariable$ValueWrapperMBean
instanceKlass com/google/common/reflect/TypeCapture
instanceKlass com/android/ide/common/util/JvmWideVariable
instanceKlass com/android/ide/common/internal/ExecutorSingleton
instanceKlass com/google/common/collect/ImmutableSet$SerializedForm
instanceKlass com/google/common/collect/ImmutableMap$SerializedForm
instanceKlass com/google/common/collect/ImmutableList$SerializedForm
instanceKlass org/gradle/tooling/internal/provider/serialization/WellKnownClassLoaderRegistry$1
instanceKlass org/gradle/tooling/internal/provider/serialization/DefaultPayloadClassLoaderRegistry$1
instanceKlass org/gradle/tooling/internal/provider/BuildActionResult
instanceKlass com/android/builder/model/SyncIssue
instanceKlass com/android/builder/model/BuildType
instanceKlass com/android/builder/model/BuildTypeContainer
instanceKlass com/android/builder/model/NativeToolchain
instanceKlass com/android/builder/model/ArtifactMetaData
instanceKlass com/android/builder/model/SourceProviderContainer
instanceKlass com/android/builder/model/TestedTargetVariant
instanceKlass com/android/builder/model/VectorDrawablesOptions
instanceKlass com/android/builder/model/SigningConfig
instanceKlass com/android/builder/model/ApiVersion
instanceKlass com/android/builder/model/JavaArtifact
instanceKlass com/android/build/FilterData
instanceKlass com/android/build/OutputFile
instanceKlass com/android/builder/model/AndroidArtifactOutput
instanceKlass com/android/build/VariantOutput
instanceKlass com/android/builder/model/NativeLibrary
instanceKlass com/android/builder/model/ClassField
instanceKlass com/android/builder/model/InstantRun
instanceKlass com/android/builder/model/level2/GraphItem
instanceKlass com/android/builder/model/JavaLibrary
instanceKlass com/android/builder/model/MavenCoordinates
instanceKlass com/android/builder/model/AndroidLibrary
instanceKlass com/android/builder/model/AndroidAtom
instanceKlass com/android/builder/model/AndroidBundle
instanceKlass com/android/builder/model/Library
instanceKlass com/android/builder/model/level2/DependencyGraphs
instanceKlass com/android/builder/model/SourceProvider
instanceKlass com/android/builder/model/Dependencies
instanceKlass com/android/builder/model/ProductFlavor
instanceKlass com/android/builder/model/DimensionAware
instanceKlass com/android/builder/model/BaseConfig
instanceKlass com/android/builder/model/AndroidArtifact
instanceKlass com/android/builder/model/BaseArtifact
instanceKlass com/android/builder/model/Variant
instanceKlass com/android/builder/model/LintOptions
instanceKlass com/android/builder/model/AaptOptions
instanceKlass com/android/builder/model/ProductFlavorContainer
instanceKlass com/android/builder/model/JavaCompileOptions
instanceKlass com/android/build/gradle/internal/ide/DefaultJavaCompileOptions
instanceKlass com/android/build/gradle/internal/ide/ModelBuilder$$Lambda$244
instanceKlass com/android/build/gradle/internal/ide/ModelBuilder$$Lambda$243
instanceKlass com/android/build/gradle/internal/ide/ModelBuilder$$Lambda$242
instanceKlass com/android/build/gradle/internal/ide/SigningConfigImpl
instanceKlass com/android/builder/model/JavaCompileOptions
instanceKlass com/android/build/gradle/internal/ide/DefaultAndroidProject
instanceKlass com/android/build/gradle/internal/ide/ModelBuilder$$Lambda$241
instanceKlass com/android/build/gradle/internal/ide/VariantImpl
instanceKlass com/android/build/gradle/internal/ide/ModelBuilder$1
instanceKlass com/android/build/gradle/internal/ide/ModelBuilder$$Lambda$240
instanceKlass com/android/builder/model/JavaArtifact
instanceKlass org/gradle/api/internal/project/taskfactory/TaskPropertyInfo$5
instanceKlass org/gradle/api/internal/project/taskfactory/TaskPropertyInfo$4
instanceKlass org/gradle/api/internal/tasks/DefaultTaskOutputs$5
instanceKlass org/gradle/api/internal/tasks/TaskPropertyUtils
instanceKlass com/android/build/gradle/internal/ide/BaseArtifactImpl
instanceKlass com/android/build/gradle/internal/ide/DependenciesConverter$$Lambda$239
instanceKlass com/android/build/gradle/internal/dependency/DependencyContainerImpl$$Lambda$238
instanceKlass com/android/build/gradle/internal/dependency/DependencyContainerImpl$$Lambda$237
instanceKlass com/android/build/gradle/internal/dependency/DependencyContainerImpl$$Lambda$236
instanceKlass com/android/ide/common/caching/CreatingCache$1
instanceKlass com/android/ide/common/caching/CreatingCache$ValueState
instanceKlass com/android/build/gradle/internal/ide/DependenciesConverter$1
instanceKlass com/android/build/gradle/internal/ide/DependenciesConverter$$Lambda$235
instanceKlass com/android/build/gradle/internal/ide/DependenciesConverter$$Lambda$234
instanceKlass com/android/build/gradle/internal/ide/DependenciesConverter$DependencyItemFactory
instanceKlass com/android/build/gradle/internal/incremental/BuildInfoWriterTask$ConfigAction
instanceKlass com/android/build/gradle/internal/ide/InstantRunImpl
instanceKlass com/android/build/gradle/internal/ide/AndroidArtifactOutputImpl
instanceKlass com/android/builder/model/AndroidArtifactOutput
